Using pre-set license
Built from '2020.3/release' branch; Version is '2020.3.1f1 (77a89f25062f) revision 7841951'; Using compiler version '192528614'; Build Type 'Release'
OS: 'Windows 10 Home Single Language; OS build 19042.928; Version 2009; 64bit' Language: 'pt' Physical Memory: 16196 MB
BatchMode: 1, IsHumanControllingUs: 0, StartBugReporterOnCrash: 0, Is64bit: 1, IsPro: 0

 COMMAND LINE ARGUMENTS:
C:\Program Files\Unity\Hub\Editor\2020.3.1f1\Editor\Unity.exe
-adb2
-batchMode
-noUpm
-name
AssetImportWorker0
-projectPath
C:/Users/gusta/Documents/Unity Projects/Learn/Animated Story/Unit7_StarterFiles_2019.4
-logFile
Logs/AssetImportWorker0.log
-srvPort
49911
Successfully changed project path to: C:/Users/gusta/Documents/Unity Projects/Learn/Animated Story/Unit7_StarterFiles_2019.4
C:/Users/gusta/Documents/Unity Projects/Learn/Animated Story/Unit7_StarterFiles_2019.4
Using Asset Import Pipeline V2.
Refreshing native plugins compatible for Editor in 84.03 ms, found 3 plugins.
Preloading 0 native plugins for Editor in 0.00 ms.
Initialize engine version: 2020.3.1f1 (77a89f25062f)
[Subsystems] Discovering subsystems at path C:/Program Files/Unity/Hub/Editor/2020.3.1f1/Editor/Data/Resources/UnitySubsystems
[Subsystems] Discovering subsystems at path C:/Users/gusta/Documents/Unity Projects/Learn/Animated Story/Unit7_StarterFiles_2019.4/Assets
GfxDevice: creating device client; threaded=0
Direct3D:
    Version:  Direct3D 11.0 [level 11.1]
    Renderer: NVIDIA GeForce RTX 2060 (ID=0x1f11)
    Vendor:   
    VRAM:     5980 MB
    Driver:   27.21.14.6192
Shader 'Universal Render Pipeline/Particles/Lit': fallback shader 'Universal Render Pipeline/Particles/SimpleLit' not found
Initialize mono
Mono path[0] = 'C:/Program Files/Unity/Hub/Editor/2020.3.1f1/Editor/Data/Managed'
Mono path[1] = 'C:/Program Files/Unity/Hub/Editor/2020.3.1f1/Editor/Data/MonoBleedingEdge/lib/mono/unityjit'
Mono config path = 'C:/Program Files/Unity/Hub/Editor/2020.3.1f1/Editor/Data/MonoBleedingEdge/etc'
Using monoOptions --debugger-agent=transport=dt_socket,embedding=1,server=y,suspend=n,address=127.0.0.1:56368
Begin MonoManager ReloadAssembly
Registering precompiled unity dll's ...
Register platform support module: C:/Program Files/Unity/Hub/Editor/2020.3.1f1/Editor/Data/PlaybackEngines/WindowsStandaloneSupport/UnityEditor.WindowsStandalone.Extensions.dll
Registered in 0.002757 seconds.
Native extension for WindowsStandalone target not found
Refreshing native plugins compatible for Editor in 75.24 ms, found 3 plugins.
Preloading 0 native plugins for Editor in 0.00 ms.
Invoked RoslynAnalysisRunner static constructor.
RoslynAnalysisRunner will not be running.
RoslynAnalysisRunner has terminated.
Mono: successfully reloaded assembly
- Completed reload, in  1.249 seconds
Platform modules already initialized, skipping
Registering precompiled user dll's ...
Registered in 0.003430 seconds.
Begin MonoManager ReloadAssembly
Native extension for WindowsStandalone target not found
Refreshing native plugins compatible for Editor in 96.28 ms, found 3 plugins.
Preloading 0 native plugins for Editor in 0.00 ms.
Invoked RoslynAnalysisRunner static constructor.
RoslynAnalysisRunner will not be running.
RoslynAnalysisRunner has terminated.
Mono: successfully reloaded assembly
- Completed reload, in  1.433 seconds
Platform modules already initialized, skipping
========================================================================
Worker process is ready to serve import requests
Shader 'Universal Render Pipeline/Particles/Lit': fallback shader 'Universal Render Pipeline/Particles/SimpleLit' not found
Launched and connected shader compiler UnityShaderCompiler.exe after 0.07 seconds
Refreshing native plugins compatible for Editor in 0.76 ms, found 3 plugins.
Preloading 0 native plugins for Editor in 0.00 ms.
Unloading 3621 Unused Serialized files (Serialized files now loaded: 0)
System memory in use before: 158.3 MB.
System memory in use after: 158.5 MB.

Unloading 18 unused Assets to reduce memory usage. Loaded Objects now: 4067.
Total: 2.395800 ms (FindLiveObjects: 0.328000 ms CreateObjectMapping: 0.182700 ms MarkObjects: 1.803600 ms  DeleteObjects: 0.080600 ms)

========================================================================
Received Import Request.
  path: Packages/com.unity.render-pipelines.universal/Runtime/Materials/ParticlesUnlit.mat
  artifactKey: Guid(e823cd5b5d27c0f4b8256e7c12ee3e6d) Importer(815301076,1909f56bfc062723c751e8b465ee728b)
Start importing Packages/com.unity.render-pipelines.universal/Runtime/Materials/ParticlesUnlit.mat using Guid(e823cd5b5d27c0f4b8256e7c12ee3e6d) Importer(815301076,1909f56bfc062723c751e8b465ee728b)  -> (artifact id: '0ba248af933f07f9eae01c068d5ddc28') in 0.223713 seconds
  Import took 0.230456 seconds .

========================================================================
Received Import Request.
  Time since last request: 5.018936 seconds.
  path: Assets/Unity_3DAssets/Prefabs
  artifactKey: Guid(ba5727b9f354e0b40bdd49a28b3d3e26) Importer(815301076,1909f56bfc062723c751e8b465ee728b)
Start importing Assets/Unity_3DAssets/Prefabs using Guid(ba5727b9f354e0b40bdd49a28b3d3e26) Importer(815301076,1909f56bfc062723c751e8b465ee728b)  -> (artifact id: 'b927f63e45bc82c22d1d5e2ed27322c2') in 0.007087 seconds
  Import took 0.012542 seconds .

========================================================================
Received Import Request.
  Time since last request: 0.001758 seconds.
  path: Assets/Unity_3DAssets/Prefabs
  artifactKey: Guid(ba5727b9f354e0b40bdd49a28b3d3e26) Importer(815301076,1909f56bfc062723c751e8b465ee728b)
Start importing Assets/Unity_3DAssets/Prefabs using Guid(ba5727b9f354e0b40bdd49a28b3d3e26) Importer(815301076,1909f56bfc062723c751e8b465ee728b)  -> (artifact id: 'b927f63e45bc82c22d1d5e2ed27322c2') in 0.002860 seconds
  Import took 0.008559 seconds .

========================================================================
Received Import Request.
  Time since last request: 4.033385 seconds.
  path: Assets/Unity_3DAssets/Prefabs/Fire.prefab
  artifactKey: Guid(9a4376c2b22ece247916285757252b4e) Importer(815301076,1909f56bfc062723c751e8b465ee728b)
Start importing Assets/Unity_3DAssets/Prefabs/Fire.prefab using Guid(9a4376c2b22ece247916285757252b4e) Importer(815301076,1909f56bfc062723c751e8b465ee728b)  -> (artifact id: '77d3de55be25873ece74780f60dac7d5') in 0.021179 seconds
  Import took 0.027416 seconds .

========================================================================
Received Import Request.
  Time since last request: 12.239223 seconds.
  path: Assets/VFX/Fire.vfx
  artifactKey: Guid(8a85de2345aa11d419f8d898d0282457) Importer(815301076,1909f56bfc062723c751e8b465ee728b)
Start importing Assets/VFX/Fire.vfx using Guid(8a85de2345aa11d419f8d898d0282457) Importer(815301076,1909f56bfc062723c751e8b465ee728b)  -> (artifact id: '5fb6b67ad1b10415fb130f48c84499d9') in 0.005727 seconds
  Import took 0.011939 seconds .

AssetImportWorkerClient::OnTransportError - code=2 error=End of file
