
=== Tue Oct 20 12:55:41 2020

Packages were changed.
Update Mode: updateDependencies

The following packages were added:
  com.unity.ide.visualstudio@2.0.2
The following packages were updated:
  com.unity.collab-proxy from version 1.2.16 to 1.3.9
  com.unity.ide.rider from version 1.1.4 to 1.2.1
  com.unity.ide.vscode from version 1.2.0 to 1.2.2
  com.unity.render-pipelines.universal from version 7.3.1 to 8.2.0
  com.unity.test-framework from version 1.1.14 to 1.1.16
  com.unity.textmeshpro from version 2.0.1 to 3.0.1

=== Mon Oct 26 11:18:30 2020

Packages were changed.
Update Mode: updateDependencies

The following packages were updated:
  com.unity.test-framework from version 1.1.16 to 1.1.18

=== Mon Dec 21 11:22:21 2020

Packages were changed.
Update Mode: updateDependencies

The following packages were updated:
  com.unity.ide.rider from version 1.2.1 to 2.0.7
  com.unity.ide.visualstudio from version 2.0.3 to 2.0.5
  com.unity.ide.vscode from version 1.2.2 to 1.2.3
  com.unity.render-pipelines.universal from version 8.2.0 to 10.2.2
  com.unity.test-framework from version 1.1.18 to 1.1.19
  com.unity.visualeffectgraph from version 8.2.0 to 10.2.2

=== Tue Apr 20 22:19:34 2021

Packages were changed.
Update Mode: updateDependencies

The following packages were updated:
  com.unity.ide.visualstudio from version 2.0.5 to 2.0.7
  com.unity.recorder from version 2.2.0-preview.4 to 2.5.4
  com.unity.render-pipelines.universal from version 10.2.2 to 10.3.2
  com.unity.test-framework from version 1.1.19 to 1.1.22
  com.unity.timeline from version 1.2.12 to 1.4.6
  com.unity.visualeffectgraph from version 10.2.2 to 10.3.2
